0 info it worked if it ends with ok
1 verbose cli [ '/usr/local/bin/node',
1 verbose cli   '/usr/local/bin/npm',
1 verbose cli   'install',
1 verbose cli   'express-generator',
1 verbose cli   '-g' ]
2 info using npm@3.10.3
3 info using node@v6.6.0
4 silly loadCurrentTree Starting
5 silly install loadCurrentTree
6 silly install readGlobalPackageData
7 silly fetchPackageMetaData express-generator
8 silly fetchNamedPackageData express-generator
9 silly mapToRegistry name express-generator
10 silly mapToRegistry using default registry
11 silly mapToRegistry registry https://registry.npmjs.org/
12 silly mapToRegistry data Result {
12 silly mapToRegistry   raw: 'express-generator',
12 silly mapToRegistry   scope: null,
12 silly mapToRegistry   escapedName: 'express-generator',
12 silly mapToRegistry   name: 'express-generator',
12 silly mapToRegistry   rawSpec: '',
12 silly mapToRegistry   spec: 'latest',
12 silly mapToRegistry   type: 'tag' }
13 silly mapToRegistry uri https://registry.npmjs.org/express-generator
14 verbose request uri https://registry.npmjs.org/express-generator
15 verbose request no auth needed
16 info attempt registry request try #1 at 9:45:46 PM
17 verbose request id 30d23d075d55b7ac
18 verbose etag W/"5844f4e9-8dc5"
19 verbose lastModified Mon, 05 Dec 2016 05:02:33 GMT
20 http request GET https://registry.npmjs.org/express-generator
21 http 200 https://registry.npmjs.org/express-generator
22 verbose headers { server: 'nginx/1.10.1',
22 verbose headers   'content-type': 'application/json',
22 verbose headers   'last-modified': 'Thu, 13 Apr 2017 05:34:33 GMT',
22 verbose headers   etag: 'W/"58ef0de9-9e89"',
22 verbose headers   'content-encoding': 'gzip',
22 verbose headers   'cache-control': 'max-age=300',
22 verbose headers   'content-length': '4740',
22 verbose headers   'accept-ranges': 'bytes',
22 verbose headers   date: 'Fri, 14 Apr 2017 01:45:49 GMT',
22 verbose headers   via: '1.1 varnish',
22 verbose headers   age: '67',
22 verbose headers   connection: 'keep-alive',
22 verbose headers   'x-served-by': 'cache-ord1724-ORD',
22 verbose headers   'x-cache': 'HIT',
22 verbose headers   'x-cache-hits': '1',
22 verbose headers   'x-timer': 'S1492134349.010215,VS0,VE1',
22 verbose headers   vary: 'Accept-Encoding' }
23 silly get cb [ 200,
23 silly get   { server: 'nginx/1.10.1',
23 silly get     'content-type': 'application/json',
23 silly get     'last-modified': 'Thu, 13 Apr 2017 05:34:33 GMT',
23 silly get     etag: 'W/"58ef0de9-9e89"',
23 silly get     'content-encoding': 'gzip',
23 silly get     'cache-control': 'max-age=300',
23 silly get     'content-length': '4740',
23 silly get     'accept-ranges': 'bytes',
23 silly get     date: 'Fri, 14 Apr 2017 01:45:49 GMT',
23 silly get     via: '1.1 varnish',
23 silly get     age: '67',
23 silly get     connection: 'keep-alive',
23 silly get     'x-served-by': 'cache-ord1724-ORD',
23 silly get     'x-cache': 'HIT',
23 silly get     'x-cache-hits': '1',
23 silly get     'x-timer': 'S1492134349.010215,VS0,VE1',
23 silly get     vary: 'Accept-Encoding' } ]
24 verbose get saving express-generator to /Users/kylefetterman/.npm/registry.npmjs.org/express-generator/.cache.json
25 verbose correctMkdir /Users/kylefetterman/.npm correctMkdir not in flight; initializing
26 silly install normalizeTree
27 silly loadCurrentTree Finishing
28 silly loadIdealTree Starting
29 silly install loadIdealTree
30 silly cloneCurrentTree Starting
31 silly install cloneCurrentTreeToIdealTree
32 silly cloneCurrentTree Finishing
33 silly loadShrinkwrap Starting
34 silly install loadShrinkwrap
35 silly loadShrinkwrap Finishing
36 silly loadAllDepsIntoIdealTree Starting
37 silly install loadAllDepsIntoIdealTree
38 silly resolveWithNewModule express-generator@4.15.0 checking installable status
39 silly cache add args [ 'express-generator', null ]
40 verbose cache add spec express-generator
41 silly cache add parsed spec Result {
41 silly cache add   raw: 'express-generator',
41 silly cache add   scope: null,
41 silly cache add   escapedName: 'express-generator',
41 silly cache add   name: 'express-generator',
41 silly cache add   rawSpec: '',
41 silly cache add   spec: 'latest',
41 silly cache add   type: 'tag' }
42 silly addNamed express-generator@latest
43 verbose addNamed "latest" is being treated as a dist-tag for express-generator
44 info addNameTag [ 'express-generator', 'latest' ]
45 silly mapToRegistry name express-generator
46 silly mapToRegistry using default registry
47 silly mapToRegistry registry https://registry.npmjs.org/
48 silly mapToRegistry data Result {
48 silly mapToRegistry   raw: 'express-generator',
48 silly mapToRegistry   scope: null,
48 silly mapToRegistry   escapedName: 'express-generator',
48 silly mapToRegistry   name: 'express-generator',
48 silly mapToRegistry   rawSpec: '',
48 silly mapToRegistry   spec: 'latest',
48 silly mapToRegistry   type: 'tag' }
49 silly mapToRegistry uri https://registry.npmjs.org/express-generator
50 verbose addNameTag registry:https://registry.npmjs.org/express-generator not in flight; fetching
51 verbose get https://registry.npmjs.org/express-generator not expired, no request
52 silly addNameTag next cb for express-generator with tag latest
53 silly addNamed express-generator@4.15.0
54 verbose addNamed "4.15.0" is a plain semver version for express-generator
55 silly mapToRegistry name express-generator
56 silly mapToRegistry using default registry
57 silly mapToRegistry registry https://registry.npmjs.org/
58 silly mapToRegistry data Result {
58 silly mapToRegistry   raw: 'express-generator',
58 silly mapToRegistry   scope: null,
58 silly mapToRegistry   escapedName: 'express-generator',
58 silly mapToRegistry   name: 'express-generator',
58 silly mapToRegistry   rawSpec: '',
58 silly mapToRegistry   spec: 'latest',
58 silly mapToRegistry   type: 'tag' }
59 silly mapToRegistry uri https://registry.npmjs.org/express-generator
60 verbose addRemoteTarball https://registry.npmjs.org/express-generator/-/express-generator-4.15.0.tgz not in flight; adding
61 verbose addRemoteTarball [ 'https://registry.npmjs.org/express-generator/-/express-generator-4.15.0.tgz',
61 verbose addRemoteTarball   '81ba5ca8db9ceeaee281a08f5ad5c3f472430006' ]
62 info retry fetch attempt 1 at 9:45:50 PM
63 info attempt registry request try #1 at 9:45:50 PM
64 http fetch GET https://registry.npmjs.org/express-generator/-/express-generator-4.15.0.tgz
65 http fetch 200 https://registry.npmjs.org/express-generator/-/express-generator-4.15.0.tgz
66 silly fetchAndShaCheck shasum 81ba5ca8db9ceeaee281a08f5ad5c3f472430006
67 verbose addTmpTarball /var/folders/31/4g49873s0bnb4_v0lj73ld5m0000gn/T/npm-17914-2d448ce6/registry.npmjs.org/express-generator/-/express-generator-4.15.0.tgz not in flight; adding
68 verbose addTmpTarball already have metadata; skipping unpack for express-generator@4.15.0
69 verbose correctMkdir /Users/kylefetterman/.npm correctMkdir not in flight; initializing
70 silly cache afterAdd express-generator@4.15.0
71 verbose afterAdd /Users/kylefetterman/.npm/express-generator/4.15.0/package/package.json not in flight; writing
72 verbose correctMkdir /Users/kylefetterman/.npm correctMkdir not in flight; initializing
73 verbose afterAdd /Users/kylefetterman/.npm/express-generator/4.15.0/package/package.json written
74 silly fetchNamedPackageData commander
75 silly mapToRegistry name commander
76 silly mapToRegistry using default registry
77 silly mapToRegistry registry https://registry.npmjs.org/
78 silly mapToRegistry data Result {
78 silly mapToRegistry   raw: 'commander',
78 silly mapToRegistry   scope: null,
78 silly mapToRegistry   escapedName: 'commander',
78 silly mapToRegistry   name: 'commander',
78 silly mapToRegistry   rawSpec: '',
78 silly mapToRegistry   spec: 'latest',
78 silly mapToRegistry   type: 'tag' }
79 silly mapToRegistry uri https://registry.npmjs.org/commander
80 silly fetchNamedPackageData ejs
81 silly mapToRegistry name ejs
82 silly mapToRegistry using default registry
83 silly mapToRegistry registry https://registry.npmjs.org/
84 silly mapToRegistry data Result {
84 silly mapToRegistry   raw: 'ejs',
84 silly mapToRegistry   scope: null,
84 silly mapToRegistry   escapedName: 'ejs',
84 silly mapToRegistry   name: 'ejs',
84 silly mapToRegistry   rawSpec: '',
84 silly mapToRegistry   spec: 'latest',
84 silly mapToRegistry   type: 'tag' }
85 silly mapToRegistry uri https://registry.npmjs.org/ejs
86 silly fetchNamedPackageData mkdirp
87 silly mapToRegistry name mkdirp
88 silly mapToRegistry using default registry
89 silly mapToRegistry registry https://registry.npmjs.org/
90 silly mapToRegistry data Result {
90 silly mapToRegistry   raw: 'mkdirp',
90 silly mapToRegistry   scope: null,
90 silly mapToRegistry   escapedName: 'mkdirp',
90 silly mapToRegistry   name: 'mkdirp',
90 silly mapToRegistry   rawSpec: '',
90 silly mapToRegistry   spec: 'latest',
90 silly mapToRegistry   type: 'tag' }
91 silly mapToRegistry uri https://registry.npmjs.org/mkdirp
92 silly fetchNamedPackageData sorted-object
93 silly mapToRegistry name sorted-object
94 silly mapToRegistry using default registry
95 silly mapToRegistry registry https://registry.npmjs.org/
96 silly mapToRegistry data Result {
96 silly mapToRegistry   raw: 'sorted-object',
96 silly mapToRegistry   scope: null,
96 silly mapToRegistry   escapedName: 'sorted-object',
96 silly mapToRegistry   name: 'sorted-object',
96 silly mapToRegistry   rawSpec: '',
96 silly mapToRegistry   spec: 'latest',
96 silly mapToRegistry   type: 'tag' }
97 silly mapToRegistry uri https://registry.npmjs.org/sorted-object
98 verbose request uri https://registry.npmjs.org/commander
99 verbose request no auth needed
100 info attempt registry request try #1 at 9:45:50 PM
101 verbose etag W/"5890e26c-fedc"
102 verbose lastModified Tue, 31 Jan 2017 19:15:56 GMT
103 http request GET https://registry.npmjs.org/commander
104 http 200 https://registry.npmjs.org/commander
105 verbose headers { server: 'nginx/1.10.1',
105 verbose headers   'content-type': 'application/json',
105 verbose headers   'last-modified': 'Wed, 12 Apr 2017 16:14:26 GMT',
105 verbose headers   etag: 'W/"58ee5262-10228"',
105 verbose headers   'content-encoding': 'gzip',
105 verbose headers   'cache-control': 'max-age=300',
105 verbose headers   'content-length': '12898',
105 verbose headers   'accept-ranges': 'bytes',
105 verbose headers   date: 'Fri, 14 Apr 2017 01:45:50 GMT',
105 verbose headers   via: '1.1 varnish',
105 verbose headers   age: '220',
105 verbose headers   connection: 'keep-alive',
105 verbose headers   'x-served-by': 'cache-ord1724-ORD',
105 verbose headers   'x-cache': 'HIT',
105 verbose headers   'x-cache-hits': '5',
105 verbose headers   'x-timer': 'S1492134351.640509,VS0,VE0',
105 verbose headers   vary: 'Accept-Encoding' }
106 silly get cb [ 200,
106 silly get   { server: 'nginx/1.10.1',
106 silly get     'content-type': 'application/json',
106 silly get     'last-modified': 'Wed, 12 Apr 2017 16:14:26 GMT',
106 silly get     etag: 'W/"58ee5262-10228"',
106 silly get     'content-encoding': 'gzip',
106 silly get     'cache-control': 'max-age=300',
106 silly get     'content-length': '12898',
106 silly get     'accept-ranges': 'bytes',
106 silly get     date: 'Fri, 14 Apr 2017 01:45:50 GMT',
106 silly get     via: '1.1 varnish',
106 silly get     age: '220',
106 silly get     connection: 'keep-alive',
106 silly get     'x-served-by': 'cache-ord1724-ORD',
106 silly get     'x-cache': 'HIT',
106 silly get     'x-cache-hits': '5',
106 silly get     'x-timer': 'S1492134351.640509,VS0,VE0',
106 silly get     vary: 'Accept-Encoding' } ]
107 verbose get saving commander to /Users/kylefetterman/.npm/registry.npmjs.org/commander/.cache.json
108 verbose correctMkdir /Users/kylefetterman/.npm correctMkdir not in flight; initializing
109 verbose request uri https://registry.npmjs.org/ejs
110 verbose request no auth needed
111 info attempt registry request try #1 at 9:45:50 PM
112 verbose etag W/"5891e0ea-10166"
113 verbose lastModified Wed, 01 Feb 2017 13:21:46 GMT
114 http request GET https://registry.npmjs.org/ejs
115 http 200 https://registry.npmjs.org/ejs
116 verbose headers { server: 'nginx/1.10.1',
116 verbose headers   'content-type': 'application/json',
116 verbose headers   'last-modified': 'Tue, 04 Apr 2017 15:32:36 GMT',
116 verbose headers   etag: 'W/"58e3bc94-109ad"',
116 verbose headers   'content-encoding': 'gzip',
116 verbose headers   'cache-control': 'max-age=300',
116 verbose headers   'content-length': '10749',
116 verbose headers   'accept-ranges': 'bytes',
116 verbose headers   date: 'Fri, 14 Apr 2017 01:45:50 GMT',
116 verbose headers   via: '1.1 varnish',
116 verbose headers   age: '8',
116 verbose headers   connection: 'keep-alive',
116 verbose headers   'x-served-by': 'cache-ord1724-ORD',
116 verbose headers   'x-cache': 'HIT',
116 verbose headers   'x-cache-hits': '1',
116 verbose headers   'x-timer': 'S1492134351.748041,VS0,VE1',
116 verbose headers   vary: 'Accept-Encoding' }
117 silly get cb [ 200,
117 silly get   { server: 'nginx/1.10.1',
117 silly get     'content-type': 'application/json',
117 silly get     'last-modified': 'Tue, 04 Apr 2017 15:32:36 GMT',
117 silly get     etag: 'W/"58e3bc94-109ad"',
117 silly get     'content-encoding': 'gzip',
117 silly get     'cache-control': 'max-age=300',
117 silly get     'content-length': '10749',
117 silly get     'accept-ranges': 'bytes',
117 silly get     date: 'Fri, 14 Apr 2017 01:45:50 GMT',
117 silly get     via: '1.1 varnish',
117 silly get     age: '8',
117 silly get     connection: 'keep-alive',
117 silly get     'x-served-by': 'cache-ord1724-ORD',
117 silly get     'x-cache': 'HIT',
117 silly get     'x-cache-hits': '1',
117 silly get     'x-timer': 'S1492134351.748041,VS0,VE1',
117 silly get     vary: 'Accept-Encoding' } ]
118 verbose get saving ejs to /Users/kylefetterman/.npm/registry.npmjs.org/ejs/.cache.json
119 verbose correctMkdir /Users/kylefetterman/.npm correctMkdir not in flight; initializing
120 verbose request uri https://registry.npmjs.org/mkdirp
121 verbose request no auth needed
122 info attempt registry request try #1 at 9:45:50 PM
123 verbose etag W/"5890d1ea-6169"
124 verbose lastModified Tue, 31 Jan 2017 18:05:30 GMT
125 http request GET https://registry.npmjs.org/mkdirp
126 verbose request uri https://registry.npmjs.org/sorted-object
127 verbose request no auth needed
128 info attempt registry request try #1 at 9:45:50 PM
129 verbose etag W/"57d499b1-1545"
130 verbose lastModified Sat, 10 Sep 2016 23:39:29 GMT
131 http request GET https://registry.npmjs.org/sorted-object
132 http 200 https://registry.npmjs.org/mkdirp
133 verbose headers { server: 'nginx/1.10.1',
133 verbose headers   'content-type': 'application/json',
133 verbose headers   'last-modified': 'Thu, 13 Apr 2017 21:31:22 GMT',
133 verbose headers   etag: 'W/"58efee2a-6310"',
133 verbose headers   'content-encoding': 'gzip',
133 verbose headers   'cache-control': 'max-age=300',
133 verbose headers   'content-length': '4885',
133 verbose headers   'accept-ranges': 'bytes',
133 verbose headers   date: 'Fri, 14 Apr 2017 01:45:50 GMT',
133 verbose headers   via: '1.1 varnish',
133 verbose headers   age: '223',
133 verbose headers   connection: 'keep-alive',
133 verbose headers   'x-served-by': 'cache-ord1724-ORD',
133 verbose headers   'x-cache': 'HIT',
133 verbose headers   'x-cache-hits': '9',
133 verbose headers   'x-timer': 'S1492134351.833793,VS0,VE0',
133 verbose headers   vary: 'Accept-Encoding' }
134 silly get cb [ 200,
134 silly get   { server: 'nginx/1.10.1',
134 silly get     'content-type': 'application/json',
134 silly get     'last-modified': 'Thu, 13 Apr 2017 21:31:22 GMT',
134 silly get     etag: 'W/"58efee2a-6310"',
134 silly get     'content-encoding': 'gzip',
134 silly get     'cache-control': 'max-age=300',
134 silly get     'content-length': '4885',
134 silly get     'accept-ranges': 'bytes',
134 silly get     date: 'Fri, 14 Apr 2017 01:45:50 GMT',
134 silly get     via: '1.1 varnish',
134 silly get     age: '223',
134 silly get     connection: 'keep-alive',
134 silly get     'x-served-by': 'cache-ord1724-ORD',
134 silly get     'x-cache': 'HIT',
134 silly get     'x-cache-hits': '9',
134 silly get     'x-timer': 'S1492134351.833793,VS0,VE0',
134 silly get     vary: 'Accept-Encoding' } ]
135 verbose get saving mkdirp to /Users/kylefetterman/.npm/registry.npmjs.org/mkdirp/.cache.json
136 verbose correctMkdir /Users/kylefetterman/.npm correctMkdir not in flight; initializing
137 silly resolveWithNewModule commander@2.9.0 checking installable status
138 silly cache add args [ 'commander@2.9.0', null ]
139 verbose cache add spec commander@2.9.0
140 silly cache add parsed spec Result {
140 silly cache add   raw: 'commander@2.9.0',
140 silly cache add   scope: null,
140 silly cache add   escapedName: 'commander',
140 silly cache add   name: 'commander',
140 silly cache add   rawSpec: '2.9.0',
140 silly cache add   spec: '2.9.0',
140 silly cache add   type: 'version' }
141 silly addNamed commander@2.9.0
142 verbose addNamed "2.9.0" is a plain semver version for commander
143 silly mapToRegistry name commander
144 silly mapToRegistry using default registry
145 silly mapToRegistry registry https://registry.npmjs.org/
146 silly mapToRegistry data Result {
146 silly mapToRegistry   raw: 'commander',
146 silly mapToRegistry   scope: null,
146 silly mapToRegistry   escapedName: 'commander',
146 silly mapToRegistry   name: 'commander',
146 silly mapToRegistry   rawSpec: '',
146 silly mapToRegistry   spec: 'latest',
146 silly mapToRegistry   type: 'tag' }
147 silly mapToRegistry uri https://registry.npmjs.org/commander
148 verbose addNameVersion registry:https://registry.npmjs.org/commander not in flight; fetching
149 verbose get https://registry.npmjs.org/commander not expired, no request
150 http 304 https://registry.npmjs.org/sorted-object
151 verbose headers { date: 'Fri, 14 Apr 2017 01:45:50 GMT',
151 verbose headers   via: '1.1 varnish',
151 verbose headers   'cache-control': 'max-age=300',
151 verbose headers   etag: 'W/"57d499b1-1545"',
151 verbose headers   age: '68',
151 verbose headers   connection: 'keep-alive',
151 verbose headers   'x-served-by': 'cache-ord1745-ORD',
151 verbose headers   'x-cache': 'HIT',
151 verbose headers   'x-cache-hits': '1',
151 verbose headers   'x-timer': 'S1492134351.899570,VS0,VE1',
151 verbose headers   vary: 'Accept-Encoding' }
152 silly get cb [ 304,
152 silly get   { date: 'Fri, 14 Apr 2017 01:45:50 GMT',
152 silly get     via: '1.1 varnish',
152 silly get     'cache-control': 'max-age=300',
152 silly get     etag: 'W/"57d499b1-1545"',
152 silly get     age: '68',
152 silly get     connection: 'keep-alive',
152 silly get     'x-served-by': 'cache-ord1745-ORD',
152 silly get     'x-cache': 'HIT',
152 silly get     'x-cache-hits': '1',
152 silly get     'x-timer': 'S1492134351.899570,VS0,VE1',
152 silly get     vary: 'Accept-Encoding' } ]
153 verbose etag https://registry.npmjs.org/sorted-object from cache
154 verbose get saving sorted-object to /Users/kylefetterman/.npm/registry.npmjs.org/sorted-object/.cache.json
155 verbose correctMkdir /Users/kylefetterman/.npm correctMkdir not in flight; initializing
156 silly resolveWithNewModule mkdirp@0.5.1 checking installable status
157 silly cache add args [ 'mkdirp@0.5.1', null ]
158 verbose cache add spec mkdirp@0.5.1
159 silly cache add parsed spec Result {
159 silly cache add   raw: 'mkdirp@0.5.1',
159 silly cache add   scope: null,
159 silly cache add   escapedName: 'mkdirp',
159 silly cache add   name: 'mkdirp',
159 silly cache add   rawSpec: '0.5.1',
159 silly cache add   spec: '0.5.1',
159 silly cache add   type: 'version' }
160 silly addNamed mkdirp@0.5.1
161 verbose addNamed "0.5.1" is a plain semver version for mkdirp
162 silly mapToRegistry name mkdirp
163 silly mapToRegistry using default registry
164 silly mapToRegistry registry https://registry.npmjs.org/
165 silly mapToRegistry data Result {
165 silly mapToRegistry   raw: 'mkdirp',
165 silly mapToRegistry   scope: null,
165 silly mapToRegistry   escapedName: 'mkdirp',
165 silly mapToRegistry   name: 'mkdirp',
165 silly mapToRegistry   rawSpec: '',
165 silly mapToRegistry   spec: 'latest',
165 silly mapToRegistry   type: 'tag' }
166 silly mapToRegistry uri https://registry.npmjs.org/mkdirp
167 verbose addNameVersion registry:https://registry.npmjs.org/mkdirp not in flight; fetching
168 silly cache afterAdd commander@2.9.0
169 verbose afterAdd /Users/kylefetterman/.npm/commander/2.9.0/package/package.json not in flight; writing
170 verbose correctMkdir /Users/kylefetterman/.npm correctMkdir not in flight; initializing
171 silly resolveWithNewModule ejs@2.5.6 checking installable status
172 silly cache add args [ 'ejs@2.5.6', null ]
173 verbose cache add spec ejs@2.5.6
174 silly cache add parsed spec Result {
174 silly cache add   raw: 'ejs@2.5.6',
174 silly cache add   scope: null,
174 silly cache add   escapedName: 'ejs',
174 silly cache add   name: 'ejs',
174 silly cache add   rawSpec: '2.5.6',
174 silly cache add   spec: '2.5.6',
174 silly cache add   type: 'version' }
175 silly addNamed ejs@2.5.6
176 verbose addNamed "2.5.6" is a plain semver version for ejs
177 silly mapToRegistry name ejs
178 silly mapToRegistry using default registry
179 silly mapToRegistry registry https://registry.npmjs.org/
180 silly mapToRegistry data Result {
180 silly mapToRegistry   raw: 'ejs',
180 silly mapToRegistry   scope: null,
180 silly mapToRegistry   escapedName: 'ejs',
180 silly mapToRegistry   name: 'ejs',
180 silly mapToRegistry   rawSpec: '',
180 silly mapToRegistry   spec: 'latest',
180 silly mapToRegistry   type: 'tag' }
181 silly mapToRegistry uri https://registry.npmjs.org/ejs
182 verbose addNameVersion registry:https://registry.npmjs.org/ejs not in flight; fetching
183 silly resolveWithNewModule sorted-object@2.0.1 checking installable status
184 silly cache add args [ 'sorted-object@2.0.1', null ]
185 verbose cache add spec sorted-object@2.0.1
186 silly cache add parsed spec Result {
186 silly cache add   raw: 'sorted-object@2.0.1',
186 silly cache add   scope: null,
186 silly cache add   escapedName: 'sorted-object',
186 silly cache add   name: 'sorted-object',
186 silly cache add   rawSpec: '2.0.1',
186 silly cache add   spec: '2.0.1',
186 silly cache add   type: 'version' }
187 silly addNamed sorted-object@2.0.1
188 verbose addNamed "2.0.1" is a plain semver version for sorted-object
189 silly mapToRegistry name sorted-object
190 silly mapToRegistry using default registry
191 silly mapToRegistry registry https://registry.npmjs.org/
192 silly mapToRegistry data Result {
192 silly mapToRegistry   raw: 'sorted-object',
192 silly mapToRegistry   scope: null,
192 silly mapToRegistry   escapedName: 'sorted-object',
192 silly mapToRegistry   name: 'sorted-object',
192 silly mapToRegistry   rawSpec: '',
192 silly mapToRegistry   spec: 'latest',
192 silly mapToRegistry   type: 'tag' }
193 silly mapToRegistry uri https://registry.npmjs.org/sorted-object
194 verbose addNameVersion registry:https://registry.npmjs.org/sorted-object not in flight; fetching
195 verbose get https://registry.npmjs.org/mkdirp not expired, no request
196 verbose get https://registry.npmjs.org/ejs not expired, no request
197 verbose get https://registry.npmjs.org/sorted-object not expired, no request
198 silly mapToRegistry name ejs
199 silly mapToRegistry using default registry
200 silly mapToRegistry registry https://registry.npmjs.org/
201 silly mapToRegistry data Result {
201 silly mapToRegistry   raw: 'ejs',
201 silly mapToRegistry   scope: null,
201 silly mapToRegistry   escapedName: 'ejs',
201 silly mapToRegistry   name: 'ejs',
201 silly mapToRegistry   rawSpec: '',
201 silly mapToRegistry   spec: 'latest',
201 silly mapToRegistry   type: 'tag' }
202 silly mapToRegistry uri https://registry.npmjs.org/ejs
203 verbose addRemoteTarball https://registry.npmjs.org/ejs/-/ejs-2.5.6.tgz not in flight; adding
204 verbose addRemoteTarball [ 'https://registry.npmjs.org/ejs/-/ejs-2.5.6.tgz',
204 verbose addRemoteTarball   '479636bfa3fe3b1debd52087f0acb204b4f19c88' ]
205 silly mapToRegistry name sorted-object
206 silly mapToRegistry using default registry
207 silly mapToRegistry registry https://registry.npmjs.org/
208 silly mapToRegistry data Result {
208 silly mapToRegistry   raw: 'sorted-object',
208 silly mapToRegistry   scope: null,
208 silly mapToRegistry   escapedName: 'sorted-object',
208 silly mapToRegistry   name: 'sorted-object',
208 silly mapToRegistry   rawSpec: '',
208 silly mapToRegistry   spec: 'latest',
208 silly mapToRegistry   type: 'tag' }
209 silly mapToRegistry uri https://registry.npmjs.org/sorted-object
210 verbose addRemoteTarball https://registry.npmjs.org/sorted-object/-/sorted-object-2.0.1.tgz not in flight; adding
211 verbose addRemoteTarball [ 'https://registry.npmjs.org/sorted-object/-/sorted-object-2.0.1.tgz',
211 verbose addRemoteTarball   '7d631f4bd3a798a24af1dffcfbfe83337a5df5fc' ]
212 verbose afterAdd /Users/kylefetterman/.npm/commander/2.9.0/package/package.json written
213 info retry fetch attempt 1 at 9:45:51 PM
214 info attempt registry request try #1 at 9:45:51 PM
215 http fetch GET https://registry.npmjs.org/ejs/-/ejs-2.5.6.tgz
216 info retry fetch attempt 1 at 9:45:51 PM
217 info attempt registry request try #1 at 9:45:51 PM
218 http fetch GET https://registry.npmjs.org/sorted-object/-/sorted-object-2.0.1.tgz
219 http fetch 200 https://registry.npmjs.org/ejs/-/ejs-2.5.6.tgz
220 http fetch 200 https://registry.npmjs.org/sorted-object/-/sorted-object-2.0.1.tgz
221 silly cache afterAdd mkdirp@0.5.1
222 verbose afterAdd /Users/kylefetterman/.npm/mkdirp/0.5.1/package/package.json not in flight; writing
223 verbose correctMkdir /Users/kylefetterman/.npm correctMkdir not in flight; initializing
224 silly fetchAndShaCheck shasum 7d631f4bd3a798a24af1dffcfbfe83337a5df5fc
225 silly fetchAndShaCheck shasum 479636bfa3fe3b1debd52087f0acb204b4f19c88
226 verbose afterAdd /Users/kylefetterman/.npm/mkdirp/0.5.1/package/package.json written
227 verbose addTmpTarball /var/folders/31/4g49873s0bnb4_v0lj73ld5m0000gn/T/npm-17914-2d448ce6/registry.npmjs.org/sorted-object/-/sorted-object-2.0.1.tgz not in flight; adding
228 verbose addTmpTarball already have metadata; skipping unpack for sorted-object@2.0.1
229 verbose correctMkdir /Users/kylefetterman/.npm correctMkdir not in flight; initializing
230 verbose addTmpTarball /var/folders/31/4g49873s0bnb4_v0lj73ld5m0000gn/T/npm-17914-2d448ce6/registry.npmjs.org/ejs/-/ejs-2.5.6.tgz not in flight; adding
231 verbose addTmpTarball already have metadata; skipping unpack for ejs@2.5.6
232 verbose correctMkdir /Users/kylefetterman/.npm correctMkdir not in flight; initializing
233 silly cache afterAdd sorted-object@2.0.1
234 verbose afterAdd /Users/kylefetterman/.npm/sorted-object/2.0.1/package/package.json not in flight; writing
235 verbose correctMkdir /Users/kylefetterman/.npm correctMkdir not in flight; initializing
236 silly cache afterAdd ejs@2.5.6
237 verbose afterAdd /Users/kylefetterman/.npm/ejs/2.5.6/package/package.json not in flight; writing
238 verbose correctMkdir /Users/kylefetterman/.npm correctMkdir not in flight; initializing
239 verbose afterAdd /Users/kylefetterman/.npm/sorted-object/2.0.1/package/package.json written
240 verbose afterAdd /Users/kylefetterman/.npm/ejs/2.5.6/package/package.json written
241 silly fetchNamedPackageData graceful-readlink
242 silly mapToRegistry name graceful-readlink
243 silly mapToRegistry using default registry
244 silly mapToRegistry registry https://registry.npmjs.org/
245 silly mapToRegistry data Result {
245 silly mapToRegistry   raw: 'graceful-readlink',
245 silly mapToRegistry   scope: null,
245 silly mapToRegistry   escapedName: 'graceful-readlink',
245 silly mapToRegistry   name: 'graceful-readlink',
245 silly mapToRegistry   rawSpec: '',
245 silly mapToRegistry   spec: 'latest',
245 silly mapToRegistry   type: 'tag' }
246 silly mapToRegistry uri https://registry.npmjs.org/graceful-readlink
247 verbose request uri https://registry.npmjs.org/graceful-readlink
248 verbose request no auth needed
249 info attempt registry request try #1 at 9:45:52 PM
250 verbose etag W/"585ef90e-c1b"
251 verbose lastModified Sat, 24 Dec 2016 22:39:10 GMT
252 http request GET https://registry.npmjs.org/graceful-readlink
253 http 304 https://registry.npmjs.org/graceful-readlink
254 verbose headers { date: 'Fri, 14 Apr 2017 01:45:52 GMT',
254 verbose headers   via: '1.1 varnish',
254 verbose headers   'cache-control': 'max-age=300',
254 verbose headers   etag: 'W/"585ef90e-c1b"',
254 verbose headers   age: '50',
254 verbose headers   connection: 'keep-alive',
254 verbose headers   'x-served-by': 'cache-ord1745-ORD',
254 verbose headers   'x-cache': 'HIT',
254 verbose headers   'x-cache-hits': '1',
254 verbose headers   'x-timer': 'S1492134353.579715,VS0,VE1',
254 verbose headers   vary: 'Accept-Encoding' }
255 silly get cb [ 304,
255 silly get   { date: 'Fri, 14 Apr 2017 01:45:52 GMT',
255 silly get     via: '1.1 varnish',
255 silly get     'cache-control': 'max-age=300',
255 silly get     etag: 'W/"585ef90e-c1b"',
255 silly get     age: '50',
255 silly get     connection: 'keep-alive',
255 silly get     'x-served-by': 'cache-ord1745-ORD',
255 silly get     'x-cache': 'HIT',
255 silly get     'x-cache-hits': '1',
255 silly get     'x-timer': 'S1492134353.579715,VS0,VE1',
255 silly get     vary: 'Accept-Encoding' } ]
256 verbose etag https://registry.npmjs.org/graceful-readlink from cache
257 verbose get saving graceful-readlink to /Users/kylefetterman/.npm/registry.npmjs.org/graceful-readlink/.cache.json
258 verbose correctMkdir /Users/kylefetterman/.npm correctMkdir not in flight; initializing
259 silly resolveWithNewModule graceful-readlink@1.0.1 checking installable status
260 silly cache add args [ 'graceful-readlink@>= 1.0.0', null ]
261 verbose cache add spec graceful-readlink@>= 1.0.0
262 silly cache add parsed spec Result {
262 silly cache add   raw: 'graceful-readlink@>= 1.0.0',
262 silly cache add   scope: null,
262 silly cache add   escapedName: 'graceful-readlink',
262 silly cache add   name: 'graceful-readlink',
262 silly cache add   rawSpec: '>= 1.0.0',
262 silly cache add   spec: '>=1.0.0',
262 silly cache add   type: 'range' }
263 silly addNamed graceful-readlink@>=1.0.0
264 verbose addNamed ">=1.0.0" is a valid semver range for graceful-readlink
265 silly addNameRange { name: 'graceful-readlink', range: '>=1.0.0', hasData: false }
266 silly mapToRegistry name graceful-readlink
267 silly mapToRegistry using default registry
268 silly mapToRegistry registry https://registry.npmjs.org/
269 silly mapToRegistry data Result {
269 silly mapToRegistry   raw: 'graceful-readlink',
269 silly mapToRegistry   scope: null,
269 silly mapToRegistry   escapedName: 'graceful-readlink',
269 silly mapToRegistry   name: 'graceful-readlink',
269 silly mapToRegistry   rawSpec: '',
269 silly mapToRegistry   spec: 'latest',
269 silly mapToRegistry   type: 'tag' }
270 silly mapToRegistry uri https://registry.npmjs.org/graceful-readlink
271 verbose addNameRange registry:https://registry.npmjs.org/graceful-readlink not in flight; fetching
272 verbose get https://registry.npmjs.org/graceful-readlink not expired, no request
273 silly addNameRange number 2 { name: 'graceful-readlink', range: '>=1.0.0', hasData: true }
274 silly addNameRange versions [ 'graceful-readlink', [ '1.0.0', '1.0.1' ] ]
275 silly addNamed graceful-readlink@1.0.1
276 verbose addNamed "1.0.1" is a plain semver version for graceful-readlink
277 silly cache afterAdd graceful-readlink@1.0.1
278 verbose afterAdd /Users/kylefetterman/.npm/graceful-readlink/1.0.1/package/package.json not in flight; writing
279 verbose correctMkdir /Users/kylefetterman/.npm correctMkdir not in flight; initializing
280 verbose afterAdd /Users/kylefetterman/.npm/graceful-readlink/1.0.1/package/package.json written
281 silly fetchNamedPackageData minimist
282 silly mapToRegistry name minimist
283 silly mapToRegistry using default registry
284 silly mapToRegistry registry https://registry.npmjs.org/
285 silly mapToRegistry data Result {
285 silly mapToRegistry   raw: 'minimist',
285 silly mapToRegistry   scope: null,
285 silly mapToRegistry   escapedName: 'minimist',
285 silly mapToRegistry   name: 'minimist',
285 silly mapToRegistry   rawSpec: '',
285 silly mapToRegistry   spec: 'latest',
285 silly mapToRegistry   type: 'tag' }
286 silly mapToRegistry uri https://registry.npmjs.org/minimist
287 verbose request uri https://registry.npmjs.org/minimist
288 verbose request no auth needed
289 info attempt registry request try #1 at 9:45:52 PM
290 verbose etag W/"58ecc516-74f8"
291 verbose lastModified Tue, 11 Apr 2017 11:59:18 GMT
292 http request GET https://registry.npmjs.org/minimist
293 http 304 https://registry.npmjs.org/minimist
294 verbose headers { date: 'Fri, 14 Apr 2017 01:45:52 GMT',
294 verbose headers   via: '1.1 varnish',
294 verbose headers   'cache-control': 'max-age=300',
294 verbose headers   etag: 'W/"58ecc516-74f8"',
294 verbose headers   age: '44',
294 verbose headers   connection: 'keep-alive',
294 verbose headers   'x-served-by': 'cache-ord1724-ORD',
294 verbose headers   'x-cache': 'HIT',
294 verbose headers   'x-cache-hits': '5',
294 verbose headers   'x-timer': 'S1492134353.922717,VS0,VE0',
294 verbose headers   vary: 'Accept-Encoding' }
295 silly get cb [ 304,
295 silly get   { date: 'Fri, 14 Apr 2017 01:45:52 GMT',
295 silly get     via: '1.1 varnish',
295 silly get     'cache-control': 'max-age=300',
295 silly get     etag: 'W/"58ecc516-74f8"',
295 silly get     age: '44',
295 silly get     connection: 'keep-alive',
295 silly get     'x-served-by': 'cache-ord1724-ORD',
295 silly get     'x-cache': 'HIT',
295 silly get     'x-cache-hits': '5',
295 silly get     'x-timer': 'S1492134353.922717,VS0,VE0',
295 silly get     vary: 'Accept-Encoding' } ]
296 verbose etag https://registry.npmjs.org/minimist from cache
297 verbose get saving minimist to /Users/kylefetterman/.npm/registry.npmjs.org/minimist/.cache.json
298 verbose correctMkdir /Users/kylefetterman/.npm correctMkdir not in flight; initializing
299 silly resolveWithNewModule minimist@0.0.8 checking installable status
300 silly cache add args [ 'minimist@0.0.8', null ]
301 verbose cache add spec minimist@0.0.8
302 silly cache add parsed spec Result {
302 silly cache add   raw: 'minimist@0.0.8',
302 silly cache add   scope: null,
302 silly cache add   escapedName: 'minimist',
302 silly cache add   name: 'minimist',
302 silly cache add   rawSpec: '0.0.8',
302 silly cache add   spec: '0.0.8',
302 silly cache add   type: 'version' }
303 silly addNamed minimist@0.0.8
304 verbose addNamed "0.0.8" is a plain semver version for minimist
305 silly mapToRegistry name minimist
306 silly mapToRegistry using default registry
307 silly mapToRegistry registry https://registry.npmjs.org/
308 silly mapToRegistry data Result {
308 silly mapToRegistry   raw: 'minimist',
308 silly mapToRegistry   scope: null,
308 silly mapToRegistry   escapedName: 'minimist',
308 silly mapToRegistry   name: 'minimist',
308 silly mapToRegistry   rawSpec: '',
308 silly mapToRegistry   spec: 'latest',
308 silly mapToRegistry   type: 'tag' }
309 silly mapToRegistry uri https://registry.npmjs.org/minimist
310 verbose addNameVersion registry:https://registry.npmjs.org/minimist not in flight; fetching
311 verbose get https://registry.npmjs.org/minimist not expired, no request
312 silly cache afterAdd minimist@0.0.8
313 verbose afterAdd /Users/kylefetterman/.npm/minimist/0.0.8/package/package.json not in flight; writing
314 verbose correctMkdir /Users/kylefetterman/.npm correctMkdir not in flight; initializing
315 verbose afterAdd /Users/kylefetterman/.npm/minimist/0.0.8/package/package.json written
316 silly loadAllDepsIntoIdealTree Finishing
317 silly loadIdealTree Finishing
318 silly currentTree lib
318 silly currentTree └─┬ express-generator@4.14.0
318 silly currentTree   ├── commander@2.9.0
318 silly currentTree   ├── graceful-readlink@1.0.1
318 silly currentTree   ├── minimist@0.0.8
318 silly currentTree   ├── mkdirp@0.5.1
318 silly currentTree   └── sorted-object@2.0.0
319 silly idealTree lib
319 silly idealTree └─┬ express-generator@4.15.0
319 silly idealTree   ├── commander@2.9.0
319 silly idealTree   ├── ejs@2.5.6
319 silly idealTree   ├── graceful-readlink@1.0.1
319 silly idealTree   ├── minimist@0.0.8
319 silly idealTree   ├── mkdirp@0.5.1
319 silly idealTree   └── sorted-object@2.0.1
320 silly generateActionsToTake Starting
321 silly install generateActionsToTake
322 warn checkPermissions Missing write access to /Users/kylefetterman/npm/lib/node_modules/express-generator/node_modules/sorted-object
323 warn checkPermissions Missing write access to /Users/kylefetterman/npm/lib/node_modules/express-generator
324 warn checkPermissions Missing write access to /Users/kylefetterman/npm/lib/node_modules/express-generator/node_modules
325 warn checkPermissions Missing write access to /Users/kylefetterman/npm/lib/node_modules
326 silly rollbackFailedOptional Starting
327 silly rollbackFailedOptional Finishing
328 silly runTopLevelLifecycles Starting
329 silly runTopLevelLifecycles Finishing
330 silly install printInstalled
331 verbose stack Error: EACCES: permission denied, access '/Users/kylefetterman/npm/lib/node_modules/express-generator/node_modules/sorted-object'
331 verbose stack     at Error (native)
332 verbose cwd /Users/kylefetterman/Documents/cs435/finalproject/web-ui
333 error Darwin 16.0.0
334 error argv "/usr/local/bin/node" "/usr/local/bin/npm" "install" "express-generator" "-g"
335 error node v6.6.0
336 error npm  v3.10.3
337 error path /Users/kylefetterman/npm/lib/node_modules/express-generator/node_modules/sorted-object
338 error code EACCES
339 error errno -13
340 error syscall access
341 error Error: EACCES: permission denied, access '/Users/kylefetterman/npm/lib/node_modules/express-generator/node_modules/sorted-object'
341 error     at Error (native)
341 error  { Error: EACCES: permission denied, access '/Users/kylefetterman/npm/lib/node_modules/express-generator/node_modules/sorted-object'
341 error     at Error (native)
341 error   errno: -13,
341 error   code: 'EACCES',
341 error   syscall: 'access',
341 error   path: '/Users/kylefetterman/npm/lib/node_modules/express-generator/node_modules/sorted-object' }
342 error Please try running this command again as root/Administrator.
343 verbose exit [ -13, true ]
